<?xml version="1.0" encoding="UTF-8"?>
<!-- Generated by org.testng.reporters.JUnitXMLReporter -->
<testsuite hostname="fdkzv-m92p" name="Default test" tests="1" failures="1" timestamp="11 Feb 2014 15:30:27 GMT" time="5.808" errors="0">
  <testcase name="test" time="5.781" classname="com.bn.automation.scripts.Reflect">
    <failure type="java.lang.StackOverflowError">
      <![CDATA[java.lang.StackOverflowError
	at com.bn.automation.staf.core.STAFDriver.get(STAFDriver.java:117)
	at com.bn.automation.staf.core.STAFDriver.get(STAFDriver.java:117)
	at com.bn.automation.staf.core.STAFDriver.get(STAFDriver.java:117)
	at com.bn.automation.staf.core.STAFDriver.get(STAFDriver.java:117)
	at com.bn.automation.staf.core.STAFDriver.get(STAFDriver.java:117)
	at com.bn.automation.staf.core.STAFDriver.get(STAFDriver.java:117)
	at com.bn.automation.staf.core.STAFDriver.get(STAFDriver.java:117)
	at com.bn.automation.staf.core.STAFDriver.get(STAFDriver.java:117)
	at com.bn.automation.staf.core.STAFDriver.get(STAFDriver.java:117)
	at com.bn.automation.staf.core.STAFDriver.get(STAFDriver.java:117)
	at com.bn.automation.staf.core.STAFDriver.get(STAFDriver.java:117)
	at com.bn.automation.staf.core.STAFDriver.get(STAFDriver.java:117)
	at com.bn.automation.staf.core.STAFDriver.get(STAFDriver.java:117)
	at com.bn.automation.staf.core.STAFDriver.get(STAFDriver.java:117)
	at com.bn.automation.staf.core.STAFDriver.get(STAFDriver.java:117)
	at com.bn.automation.staf.core.STAFDriver.get(STAFDriver.java:117)
	at com.bn.automation.staf.core.STAFDriver.get(STAFDriver.java:117)
	at com.bn.automation.staf.core.STAFDriver.get(STAFDriver.java:117)
	at com.bn.automation.staf.core.STAFDriver.get(STAFDriver.java:117)
	at com.bn.automation.staf.core.STAFDriver.get(STAFDriver.java:117)
	at com.bn.automation.staf.core.STAFDriver.get(STAFDriver.java:117)
	at com.bn.automation.staf.core.STAFDriver.get(STAFDriver.java:117)
	at com.bn.automation.staf.core.STAFDriver.get(STAFDriver.java:117)
	at com.bn.automation.staf.core.STAFDriver.get(STAFDriver.java:117)
	at com.bn.automation.staf.core.STAFDriver.get(STAFDriver.java:117)
	at com.bn.automation.staf.core.STAFDriver.get(STAFDriver.java:117)
	at com.bn.automation.staf.core.STAFDriver.get(STAFDriver.java:117)
	at com.bn.automation.staf.core.STAFDriver.get(STAFDriver.java:117)
	at com.bn.automation.staf.core.STAFDriver.get(STAFDriver.java:117)
	at com.bn.automation.staf.core.STAFDriver.get(STAFDriver.java:117)
	at com.bn.automation.staf.core.STAFDriver.get(STAFDriver.java:117)
	at com.bn.automation.staf.core.STAFDriver.get(STAFDriver.java:117)
	at com.bn.automation.staf.core.STAFDriver.get(STAFDriver.java:117)
	at com.bn.automation.staf.core.STAFDriver.get(STAFDriver.java:117)
	at com.bn.automation.staf.core.STAFDriver.get(STAFDriver.java:117)
	at com.bn.automation.staf.core.STAFDriver.get(STAFDriver.java:117)
	at com.bn.automation.staf.core.STAFDriver.get(STAFDriver.java:117)
	at com.bn.automation.staf.core.STAFDriver.get(STAFDriver.java:117)
	at com.bn.automation.staf.core.STAFDriver.get(STAFDriver.java:117)
	at com.bn.automation.staf.core.STAFDriver.get(STAFDriver.java:117)
	at com.bn.automation.staf.core.STAFDriver.get(STAFDriver.java:117)
	at com.bn.automation.staf.core.STAFDriver.get(STAFDriver.java:117)
	at com.bn.automation.staf.core.STAFDriver.get(STAFDriver.java:117)
	at com.bn.automation.staf.core.STAFDriver.get(STAFDriver.java:117)
	at com.bn.automation.staf.core.STAFDriver.get(STAFDriver.java:117)
	at com.bn.automation.staf.core.STAFDriver.get(STAFDriver.java:117)
	at com.bn.automation.staf.core.STAFDriver.get(STAFDriver.java:117)
	at com.bn.automation.staf.core.STAFDriver.get(STAFDriver.java:117)
	at com.bn.automation.staf.core.STAFDriver.get(STAFDriver.java:117)
	at com.bn.automation.staf.core.STAFDriver.get(STAFDriver.java:117)
	at com.bn.automation.staf.core.STAFDriver.get(STAFDriver.java:117)
	at com.bn.automation.staf.core.STAFDriver.get(STAFDriver.java:117)
	at com.bn.automation.staf.core.STAFDriver.get(STAFDriver.java:117)
	at com.bn.automation.staf.core.STAFDriver.get(STAFDriver.java:117)
	at com.bn.automation.staf.core.STAFDriver.get(STAFDriver.java:117)
	at com.bn.automation.staf.core.STAFDriver.get(STAFDriver.java:117)
	at com.bn.automation.staf.core.STAFDriver.get(STAFDriver.java:117)
	at com.bn.automation.staf.core.STAFDriver.get(STAFDriver.java:117)
	at com.bn.automation.staf.core.STAFDriver.get(STAFDriver.java:117)
	at com.bn.automation.staf.core.STAFDriver.get(STAFDriver.java:117)
	at com.bn.automation.staf.core.STAFDriver.get(STAFDriver.java:117)
	at com.bn.automation.staf.core.STAFDriver.get(STAFDriver.java:117)
	at com.bn.automation.staf.core.STAFDriver.get(STAFDriver.java:117)
	at com.bn.automation.staf.core.STAFDriver.get(STAFDriver.java:117)
	at com.bn.automation.staf.core.STAFDriver.get(STAFDriver.java:117)
	at com.bn.automation.staf.core.STAFDriver.get(STAFDriver.java:117)
	at com.bn.automation.staf.core.STAFDriver.get(STAFDriver.java:117)
	at com.bn.automation.staf.core.STAFDriver.get(STAFDriver.java:117)
	at com.bn.automation.staf.core.STAFDriver.get(STAFDriver.java:117)
	at com.bn.automation.staf.core.STAFDriver.get(STAFDriver.java:117)
	at com.bn.automation.staf.core.STAFDriver.get(STAFDriver.java:117)
	at com.bn.automation.staf.core.STAFDriver.get(STAFDriver.java:117)
	at com.bn.automation.staf.core.STAFDriver.get(STAFDriver.java:117)
	at com.bn.automation.staf.core.STAFDriver.get(STAFDriver.java:117)
	at com.bn.automation.staf.core.STAFDriver.get(STAFDriver.java:117)
	at com.bn.automation.staf.core.STAFDriver.get(STAFDriver.java:117)
	at com.bn.automation.staf.core.STAFDriver.get(STAFDriver.java:117)
	at com.bn.automation.staf.core.STAFDriver.get(STAFDriver.java:117)
	at com.bn.automation.staf.core.STAFDriver.get(STAFDriver.java:117)
	at com.bn.automation.staf.core.STAFDriver.get(STAFDriver.java:117)
	at com.bn.automation.staf.core.STAFDriver.get(STAFDriver.java:117)
	at com.bn.automation.staf.core.STAFDriver.get(STAFDriver.java:117)
	at com.bn.automation.staf.core.STAFDriver.get(STAFDriver.java:117)
	at com.bn.automation.staf.core.STAFDriver.get(STAFDriver.java:117)
	at com.bn.automation.staf.core.STAFDriver.get(STAFDriver.java:117)
	at com.bn.automation.staf.core.STAFDriver.get(STAFDriver.java:117)
	at com.bn.automation.staf.core.STAFDriver.get(STAFDriver.java:117)
	at com.bn.automation.staf.core.STAFDriver.get(STAFDriver.java:117)
	at com.bn.automation.staf.core.STAFDriver.get(STAFDriver.java:117)
	at com.bn.automation.staf.core.STAFDriver.get(STAFDriver.java:117)
	at com.bn.automation.staf.core.STAFDriver.get(STAFDriver.java:117)
	at com.bn.automation.staf.core.STAFDriver.get(STAFDriver.java:117)
	at com.bn.automation.staf.core.STAFDriver.get(STAFDriver.java:117)
	at com.bn.automation.staf.core.STAFDriver.get(STAFDriver.java:117)
	at com.bn.automation.staf.core.STAFDriver.get(STAFDriver.java:117)
	at com.bn.automation.staf.core.STAFDriver.get(STAFDriver.java:117)
	at com.bn.automation.staf.core.STAFDriver.get(STAFDriver.java:117)
	at com.bn.automation.staf.core.STAFDriver.get(STAFDriver.java:117)
	at com.bn.automation.staf.core.STAFDriver.get(STAFDriver.java:117)
	at com.bn.automation.staf.core.STAFDriver.get(STAFDriver.java:117)
	at com.bn.automation.staf.core.STAFDriver.get(STAFDriver.java:117)
	at com.bn.automation.staf.core.STAFDriver.get(STAFDriver.java:117)
	at com.bn.automation.staf.core.STAFDriver.get(STAFDriver.java:117)
	at com.bn.automation.staf.core.STAFDriver.get(STAFDriver.java:117)
	at com.bn.automation.staf.core.STAFDriver.get(STAFDriver.java:117)
	at com.bn.automation.staf.core.STAFDriver.get(STAFDriver.java:117)
	at com.bn.automation.staf.core.STAFDriver.get(STAFDriver.java:117)
	at com.bn.automation.staf.core.STAFDriver.get(STAFDriver.java:117)
	at com.bn.automation.staf.core.STAFDriver.get(STAFDriver.java:117)
	at com.bn.automation.staf.core.STAFDriver.get(STAFDriver.java:117)
	at com.bn.automation.staf.core.STAFDriver.get(STAFDriver.java:117)
	at com.bn.automation.staf.core.STAFDriver.get(STAFDriver.java:117)
	at com.bn.automation.staf.core.STAFDriver.get(STAFDriver.java:117)
	at com.bn.automation.staf.core.STAFDriver.get(STAFDriver.java:117)
	at com.bn.automation.staf.core.STAFDriver.get(STAFDriver.java:117)
	at com.bn.automation.staf.core.STAFDriver.get(STAFDriver.java:117)
	at com.bn.automation.staf.core.STAFDriver.get(STAFDriver.java:117)
	at com.bn.automation.staf.core.STAFDriver.get(STAFDriver.java:117)
	at com.bn.automation.staf.core.STAFDriver.get(STAFDriver.java:117)
	at com.bn.automation.staf.core.STAFDriver.get(STAFDriver.java:117)
	at com.bn.automation.staf.core.STAFDriver.get(STAFDriver.java:117)
	at com.bn.automation.staf.core.STAFDriver.get(STAFDriver.java:117)
	at com.bn.automation.staf.core.STAFDriver.get(STAFDriver.java:117)
	at com.bn.automation.staf.core.STAFDriver.get(STAFDriver.java:117)
	at com.bn.automation.staf.core.STAFDriver.get(STAFDriver.java:117)
	at com.bn.automation.staf.core.STAFDriver.get(STAFDriver.java:117)
	at com.bn.automation.staf.core.STAFDriver.get(STAFDriver.java:117)
	at com.bn.automation.staf.core.STAFDriver.get(STAFDriver.java:117)
	at com.bn.automation.staf.core.STAFDriver.get(STAFDriver.java:117)
	at com.bn.automation.staf.core.STAFDriver.get(STAFDriver.java:117)
	at com.bn.automation.staf.core.STAFDriver.get(STAFDriver.java:117)
	at com.bn.automation.staf.core.STAFDriver.get(STAFDriver.java:117)
	at com.bn.automation.staf.core.STAFDriver.get(STAFDriver.java:117)
	at com.bn.automation.staf.core.STAFDriver.get(STAFDriver.java:117)
	at com.bn.automation.staf.core.STAFDriver.get(STAFDriver.java:117)
	at com.bn.automation.staf.core.STAFDriver.get(STAFDriver.java:117)
	at com.bn.automation.staf.core.STAFDriver.get(STAFDriver.java:117)
	at com.bn.automation.staf.core.STAFDriver.get(STAFDriver.java:117)
	at com.bn.automation.staf.core.STAFDriver.get(STAFDriver.java:117)
	at com.bn.automation.staf.core.STAFDriver.get(STAFDriver.java:117)
	at com.bn.automation.staf.core.STAFDriver.get(STAFDriver.java:117)
	at com.bn.automation.staf.core.STAFDriver.get(STAFDriver.java:117)
	at com.bn.automation.staf.core.STAFDriver.get(STAFDriver.java:117)
	at com.bn.automation.staf.core.STAFDriver.get(STAFDriver.java:117)
	at com.bn.automation.staf.core.STAFDriver.get(STAFDriver.java:117)
	at com.bn.automation.staf.core.STAFDriver.get(STAFDriver.java:117)
	at com.bn.automation.staf.core.STAFDriver.get(STAFDriver.java:117)
	at com.bn.automation.staf.core.STAFDriver.get(STAFDriver.java:117)
	at com.bn.automation.staf.core.STAFDriver.get(STAFDriver.java:117)
	at com.bn.automation.staf.core.STAFDriver.get(STAFDriver.java:117)
	at com.bn.automation.staf.core.STAFDriver.get(STAFDriver.java:117)
	at com.bn.automation.staf.core.STAFDriver.get(STAFDriver.java:117)
	at com.bn.automation.staf.core.STAFDriver.get(STAFDriver.java:117)
	at com.bn.automation.staf.core.STAFDriver.get(STAFDriver.java:117)
	at com.bn.automation.staf.core.STAFDriver.get(STAFDriver.java:117)
	at com.bn.automation.staf.core.STAFDriver.get(STAFDriver.java:117)
	at com.bn.automation.staf.core.STAFDriver.get(STAFDriver.java:117)
	at com.bn.automation.staf.core.STAFDriver.get(STAFDriver.java:117)
	at com.bn.automation.staf.core.STAFDriver.get(STAFDriver.java:117)
	at com.bn.automation.staf.core.STAFDriver.get(STAFDriver.java:117)
	at com.bn.automation.staf.core.STAFDriver.get(STAFDriver.java:117)
	at com.bn.automation.staf.core.STAFDriver.get(STAFDriver.java:117)
	at com.bn.automation.staf.core.STAFDriver.get(STAFDriver.java:117)
	at com.bn.automation.staf.core.STAFDriver.get(STAFDriver.java:117)
	at com.bn.automation.staf.core.STAFDriver.get(STAFDriver.java:117)
	at com.bn.automation.staf.core.STAFDriver.get(STAFDriver.java:117)
	at com.bn.automation.staf.core.STAFDriver.get(STAFDriver.java:117)
	at com.bn.automation.staf.core.STAFDriver.get(STAFDriver.java:117)
	at com.bn.automation.staf.core.STAFDriver.get(STAFDriver.java:117)
	at com.bn.automation.staf.core.STAFDriver.get(STAFDriver.java:117)
	at com.bn.automation.staf.core.STAFDriver.get(STAFDriver.java:117)
	at com.bn.automation.staf.core.STAFDriver.get(STAFDriver.java:117)
	at com.bn.automation.staf.core.STAFDriver.get(STAFDriver.java:117)
	at com.bn.automation.staf.core.STAFDriver.get(STAFDriver.java:117)
	at com.bn.automation.staf.core.STAFDriver.get(STAFDriver.java:117)
	at com.bn.automation.staf.core.STAFDriver.get(STAFDriver.java:117)
	at com.bn.automation.staf.core.STAFDriver.get(STAFDriver.java:117)
	at com.bn.automation.staf.core.STAFDriver.get(STAFDriver.java:117)
	at com.bn.automation.staf.core.STAFDriver.get(STAFDriver.java:117)
	at com.bn.automation.staf.core.STAFDriver.get(STAFDriver.java:117)
	at com.bn.automation.staf.core.STAFDriver.get(STAFDriver.java:117)
	at com.bn.automation.staf.core.STAFDriver.get(STAFDriver.java:117)
	at com.bn.automation.staf.core.STAFDriver.get(STAFDriver.java:117)
	at com.bn.automation.staf.core.STAFDriver.get(STAFDriver.java:117)
	at com.bn.automation.staf.core.STAFDriver.get(STAFDriver.java:117)
	at com.bn.automation.staf.core.STAFDriver.get(STAFDriver.java:117)
	at com.bn.automation.staf.core.STAFDriver.get(STAFDriver.java:117)
	at com.bn.automation.staf.core.STAFDriver.get(STAFDriver.java:117)
	at com.bn.automation.staf.core.STAFDriver.get(STAFDriver.java:117)
	at com.bn.automation.staf.core.STAFDriver.get(STAFDriver.java:117)
	at com.bn.automation.staf.core.STAFDriver.get(STAFDriver.java:117)
	at com.bn.automation.staf.core.STAFDriver.get(STAFDriver.java:117)
	at com.bn.automation.staf.core.STAFDriver.get(STAFDriver.java:117)
	at com.bn.automation.staf.core.STAFDriver.get(STAFDriver.java:117)
	at com.bn.automation.staf.core.STAFDriver.get(STAFDriver.java:117)
	at com.bn.automation.staf.core.STAFDriver.get(STAFDriver.java:117)
	at com.bn.automation.staf.core.STAFDriver.get(STAFDriver.java:117)
	at com.bn.automation.staf.core.STAFDriver.get(STAFDriver.java:117)
	at com.bn.automation.staf.core.STAFDriver.get(STAFDriver.java:117)
	at com.bn.automation.staf.core.STAFDriver.get(STAFDriver.java:117)
	at com.bn.automation.staf.core.STAFDriver.get(STAFDriver.java:117)
	at com.bn.automation.staf.core.STAFDriver.get(STAFDriver.java:117)
	at com.bn.automation.staf.core.STAFDriver.get(STAFDriver.java:117)
	at com.bn.automation.staf.core.STAFDriver.get(STAFDriver.java:117)
	at com.bn.automation.staf.core.STAFDriver.get(STAFDriver.java:117)
	at com.bn.automation.staf.core.STAFDriver.get(STAFDriver.java:117)
	at com.bn.automation.staf.core.STAFDriver.get(STAFDriver.java:117)
	at com.bn.automation.staf.core.STAFDriver.get(STAFDriver.java:117)
	at com.bn.automation.staf.core.STAFDriver.get(STAFDriver.java:117)
	at com.bn.automation.staf.core.STAFDriver.get(STAFDriver.java:117)
	at com.bn.automation.staf.core.STAFDriver.get(STAFDriver.java:117)
	at com.bn.automation.staf.core.STAFDriver.get(STAFDriver.java:117)
	at com.bn.automation.staf.core.STAFDriver.get(STAFDriver.java:117)
	at com.bn.automation.staf.core.STAFDriver.get(STAFDriver.java:117)
	at com.bn.automation.staf.core.STAFDriver.get(STAFDriver.java:117)
	at com.bn.automation.staf.core.STAFDriver.get(STAFDriver.java:117)
	at com.bn.automation.staf.core.STAFDriver.get(STAFDriver.java:117)
	at com.bn.automation.staf.core.STAFDriver.get(STAFDriver.java:117)
	at com.bn.automation.staf.core.STAFDriver.get(STAFDriver.java:117)
	at com.bn.automation.staf.core.STAFDriver.get(STAFDriver.java:117)
	at com.bn.automation.staf.core.STAFDriver.get(STAFDriver.java:117)
	at com.bn.automation.staf.core.STAFDriver.get(STAFDriver.java:117)
	at com.bn.automation.staf.core.STAFDriver.get(STAFDriver.java:117)
	at com.bn.automation.staf.core.STAFDriver.get(STAFDriver.java:117)
	at com.bn.automation.staf.core.STAFDriver.get(STAFDriver.java:117)
	at com.bn.automation.staf.core.STAFDriver.get(STAFDriver.java:117)
	at com.bn.automation.staf.core.STAFDriver.get(STAFDriver.java:117)
	at com.bn.automation.staf.core.STAFDriver.get(STAFDriver.java:117)
	at com.bn.automation.staf.core.STAFDriver.get(STAFDriver.java:117)
	at com.bn.automation.staf.core.STAFDriver.get(STAFDriver.java:117)
	at com.bn.automation.staf.core.STAFDriver.get(STAFDriver.java:117)
	at com.bn.automation.staf.core.STAFDriver.get(STAFDriver.java:117)
	at com.bn.automation.staf.core.STAFDriver.get(STAFDriver.java:117)
	at com.bn.automation.staf.core.STAFDriver.get(STAFDriver.java:117)
	at com.bn.automation.staf.core.STAFDriver.get(STAFDriver.java:117)
	at com.bn.automation.staf.core.STAFDriver.get(STAFDriver.java:117)
	at com.bn.automation.staf.core.STAFDriver.get(STAFDriver.java:117)
	at com.bn.automation.staf.core.STAFDriver.get(STAFDriver.java:117)
	at com.bn.automation.staf.core.STAFDriver.get(STAFDriver.java:117)
	at com.bn.automation.staf.core.STAFDriver.get(STAFDriver.java:117)
	at com.bn.automation.staf.core.STAFDriver.get(STAFDriver.java:117)
	at com.bn.automation.staf.core.STAFDriver.get(STAFDriver.java:117)
	at com.bn.automation.staf.core.STAFDriver.get(STAFDriver.java:117)
	at com.bn.automation.staf.core.STAFDriver.get(STAFDriver.java:117)
	at com.bn.automation.staf.core.STAFDriver.get(STAFDriver.java:117)
	at com.bn.automation.staf.core.STAFDriver.get(STAFDriver.java:117)
	at com.bn.automation.staf.core.STAFDriver.get(STAFDriver.java:117)
	at com.bn.automation.staf.core.STAFDriver.get(STAFDriver.java:117)
	at com.bn.automation.staf.core.STAFDriver.get(STAFDriver.java:117)
	at com.bn.automation.staf.core.STAFDriver.get(STAFDriver.java:117)
	at com.bn.automation.staf.core.STAFDriver.get(STAFDriver.java:117)
	at com.bn.automation.staf.core.STAFDriver.get(STAFDriver.java:117)
	at com.bn.automation.staf.core.STAFDriver.get(STAFDriver.java:117)
	at com.bn.automation.staf.core.STAFDriver.get(STAFDriver.java:117)
	at com.bn.automation.staf.core.STAFDriver.get(STAFDriver.java:117)
	at com.bn.automation.staf.core.STAFDriver.get(STAFDriver.java:117)
	at com.bn.automation.staf.core.STAFDriver.get(STAFDriver.java:117)
	at com.bn.automation.staf.core.STAFDriver.get(STAFDriver.java:117)
	at com.bn.automation.staf.core.STAFDriver.get(STAFDriver.java:117)
	at com.bn.automation.staf.core.STAFDriver.get(STAFDriver.java:117)
	at com.bn.automation.staf.core.STAFDriver.get(STAFDriver.java:117)
	at com.bn.automation.staf.core.STAFDriver.get(STAFDriver.java:117)
	at com.bn.automation.staf.core.STAFDriver.get(STAFDriver.java:117)
	at com.bn.automation.staf.core.STAFDriver.get(STAFDriver.java:117)
	at com.bn.automation.staf.core.STAFDriver.get(STAFDriver.java:117)
	at com.bn.automation.staf.core.STAFDriver.get(STAFDriver.java:117)
	at com.bn.automation.staf.core.STAFDriver.get(STAFDriver.java:117)
	at com.bn.automation.staf.core.STAFDriver.get(STAFDriver.java:117)
	at com.bn.automation.staf.core.STAFDriver.get(STAFDriver.java:117)
	at com.bn.automation.staf.core.STAFDriver.get(STAFDriver.java:117)
	at com.bn.automation.staf.core.STAFDriver.get(STAFDriver.java:117)
	at com.bn.automation.staf.core.STAFDriver.get(STAFDriver.java:117)
	at com.bn.automation.staf.core.STAFDriver.get(STAFDriver.java:117)
	at com.bn.automation.staf.core.STAFDriver.get(STAFDriver.java:117)
	at com.bn.automation.staf.core.STAFDriver.get(STAFDriver.java:117)
	at com.bn.automation.staf.core.STAFDriver.get(STAFDriver.java:117)
	at com.bn.automation.staf.core.STAFDriver.get(STAFDriver.java:117)
	at com.bn.automation.staf.core.STAFDriver.get(STAFDriver.java:117)
	at com.bn.automation.staf.core.STAFDriver.get(STAFDriver.java:117)
	at com.bn.automation.staf.core.STAFDriver.get(STAFDriver.java:117)
	at com.bn.automation.staf.core.STAFDriver.get(STAFDriver.java:117)
	at com.bn.automation.staf.core.STAFDriver.get(STAFDriver.java:117)
	at com.bn.automation.staf.core.STAFDriver.get(STAFDriver.java:117)
	at com.bn.automation.staf.core.STAFDriver.get(STAFDriver.java:117)
	at com.bn.automation.staf.core.STAFDriver.get(STAFDriver.java:117)
	at com.bn.automation.staf.core.STAFDriver.get(STAFDriver.java:117)
	at com.bn.automation.staf.core.STAFDriver.get(STAFDriver.java:117)
	at com.bn.automation.staf.core.STAFDriver.get(STAFDriver.java:117)
	at com.bn.automation.staf.core.STAFDriver.get(STAFDriver.java:117)
	at com.bn.automation.staf.core.STAFDriver.get(STAFDriver.java:117)
	at com.bn.automation.staf.core.STAFDriver.get(STAFDriver.java:117)
	at com.bn.automation.staf.core.STAFDriver.get(STAFDriver.java:117)
	at com.bn.automation.staf.core.STAFDriver.get(STAFDriver.java:117)
	at com.bn.automation.staf.core.STAFDriver.get(STAFDriver.java:117)
	at com.bn.automation.staf.core.STAFDriver.get(STAFDriver.java:117)
	at com.bn.automation.staf.core.STAFDriver.get(STAFDriver.java:117)
	at com.bn.automation.staf.core.STAFDriver.get(STAFDriver.java:117)
	at com.bn.automation.staf.core.STAFDriver.get(STAFDriver.java:117)
	at com.bn.automation.staf.core.STAFDriver.get(STAFDriver.java:117)
	at com.bn.automation.staf.core.STAFDriver.get(STAFDriver.java:117)
	at com.bn.automation.staf.core.STAFDriver.get(STAFDriver.java:117)
	at com.bn.automation.staf.core.STAFDriver.get(STAFDriver.java:117)
	at com.bn.automation.staf.core.STAFDriver.get(STAFDriver.java:117)
	at com.bn.automation.staf.core.STAFDriver.get(STAFDriver.java:117)
	at com.bn.automation.staf.core.STAFDriver.get(STAFDriver.java:117)
	at com.bn.automation.staf.core.STAFDriver.get(STAFDriver.java:117)
	at com.bn.automation.staf.core.STAFDriver.get(STAFDriver.java:117)
	at com.bn.automation.staf.core.STAFDriver.get(STAFDriver.java:117)
	at com.bn.automation.staf.core.STAFDriver.get(STAFDriver.java:117)
	at com.bn.automation.staf.core.STAFDriver.get(STAFDriver.java:117)
	at com.bn.automation.staf.core.STAFDriver.get(STAFDriver.java:117)
	at com.bn.automation.staf.core.STAFDriver.get(STAFDriver.java:117)
	at com.bn.automation.staf.core.STAFDriver.get(STAFDriver.java:117)
	at com.bn.automation.staf.core.STAFDriver.get(STAFDriver.java:117)
	at com.bn.automation.staf.core.STAFDriver.get(STAFDriver.java:117)
	at com.bn.automation.staf.core.STAFDriver.get(STAFDriver.java:117)
	at com.bn.automation.staf.core.STAFDriver.get(STAFDriver.java:117)
	at com.bn.automation.staf.core.STAFDriver.get(STAFDriver.java:117)
	at com.bn.automation.staf.core.STAFDriver.get(STAFDriver.java:117)
	at com.bn.automation.staf.core.STAFDriver.get(STAFDriver.java:117)
	at com.bn.automation.staf.core.STAFDriver.get(STAFDriver.java:117)
	at com.bn.automation.staf.core.STAFDriver.get(STAFDriver.java:117)
	at com.bn.automation.staf.core.STAFDriver.get(STAFDriver.java:117)
	at com.bn.automation.staf.core.STAFDriver.get(STAFDriver.java:117)
	at com.bn.automation.staf.core.STAFDriver.get(STAFDriver.java:117)
	at com.bn.automation.staf.core.STAFDriver.get(STAFDriver.java:117)
	at com.bn.automation.staf.core.STAFDriver.get(STAFDriver.java:117)
	at com.bn.automation.staf.core.STAFDriver.get(STAFDriver.java:117)
	at com.bn.automation.staf.core.STAFDriver.get(STAFDriver.java:117)
	at com.bn.automation.staf.core.STAFDriver.get(STAFDriver.java:117)
	at com.bn.automation.staf.core.STAFDriver.get(STAFDriver.java:117)
	at com.bn.automation.staf.core.STAFDriver.get(STAFDriver.java:117)
	at com.bn.automation.staf.core.STAFDriver.get(STAFDriver.java:117)
	at com.bn.automation.staf.core.STAFDriver.get(STAFDriver.java:117)
	at com.bn.automation.staf.core.STAFDriver.get(STAFDriver.java:117)
	at com.bn.automation.staf.core.STAFDriver.get(STAFDriver.java:117)
	at com.bn.automation.staf.core.STAFDriver.get(STAFDriver.java:117)
	at com.bn.automation.staf.core.STAFDriver.get(STAFDriver.java:117)
	at com.bn.automation.staf.core.STAFDriver.get(STAFDriver.java:117)
	at com.bn.automation.staf.core.STAFDriver.get(STAFDriver.java:117)
	at com.bn.automation.staf.core.STAFDriver.get(STAFDriver.java:117)
	at com.bn.automation.staf.core.STAFDriver.get(STAFDriver.java:117)
	at com.bn.automation.staf.core.STAFDriver.get(STAFDriver.java:117)
	at com.bn.automation.staf.core.STAFDriver.get(STAFDriver.java:117)
	at com.bn.automation.staf.core.STAFDriver.get(STAFDriver.java:117)
	at com.bn.automation.staf.core.STAFDriver.get(STAFDriver.java:117)
	at com.bn.automation.staf.core.STAFDriver.get(STAFDriver.java:117)
	at com.bn.automation.staf.core.STAFDriver.get(STAFDriver.java:117)
	at com.bn.automation.staf.core.STAFDriver.get(STAFDriver.java:117)
	at com.bn.automation.staf.core.STAFDriver.get(STAFDriver.java:117)
	at com.bn.automation.staf.core.STAFDriver.get(STAFDriver.java:117)
	at com.bn.automation.staf.core.STAFDriver.get(STAFDriver.java:117)
	at com.bn.automation.staf.core.STAFDriver.get(STAFDriver.java:117)
	at com.bn.automation.staf.core.STAFDriver.get(STAFDriver.java:117)
	at com.bn.automation.staf.core.STAFDriver.get(STAFDriver.java:117)
	at com.bn.automation.staf.core.STAFDriver.get(STAFDriver.java:117)
	at com.bn.automation.staf.core.STAFDriver.get(STAFDriver.java:117)
	at com.bn.automation.staf.core.STAFDriver.get(STAFDriver.java:117)
	at com.bn.automation.staf.core.STAFDriver.get(STAFDriver.java:117)
	at com.bn.automation.staf.core.STAFDriver.get(STAFDriver.java:117)
	at com.bn.automation.staf.core.STAFDriver.get(STAFDriver.java:117)
	at com.bn.automation.staf.core.STAFDriver.get(STAFDriver.java:117)
	at com.bn.automation.staf.core.STAFDriver.get(STAFDriver.java:117)
	at com.bn.automation.staf.core.STAFDriver.get(STAFDriver.java:117)
	at com.bn.automation.staf.core.STAFDriver.get(STAFDriver.java:117)
	at com.bn.automation.staf.core.STAFDriver.get(STAFDriver.java:117)
	at com.bn.automation.staf.core.STAFDriver.get(STAFDriver.java:117)
	at com.bn.automation.staf.core.STAFDriver.get(STAFDriver.java:117)
	at com.bn.automation.staf.core.STAFDriver.get(STAFDriver.java:117)
	at com.bn.automation.staf.core.STAFDriver.get(STAFDriver.java:117)
	at com.bn.automation.staf.core.STAFDriver.get(STAFDriver.java:117)
	at com.bn.automation.staf.core.STAFDriver.get(STAFDriver.java:117)
	at com.bn.automation.staf.core.STAFDriver.get(STAFDriver.java:117)
	at com.bn.automation.staf.core.STAFDriver.get(STAFDriver.java:117)
	at com.bn.automation.staf.core.STAFDriver.get(STAFDriver.java:117)
	at com.bn.automation.staf.core.STAFDriver.get(STAFDriver.java:117)
	at com.bn.automation.staf.core.STAFDriver.get(STAFDriver.java:117)
	at com.bn.automation.staf.core.STAFDriver.get(STAFDriver.java:117)
	at com.bn.automation.staf.core.STAFDriver.get(STAFDriver.java:117)
	at com.bn.automation.staf.core.STAFDriver.get(STAFDriver.java:117)
	at com.bn.automation.staf.core.STAFDriver.get(STAFDriver.java:117)
	at com.bn.automation.staf.core.STAFDriver.get(STAFDriver.java:117)
	at com.bn.automation.staf.core.STAFDriver.get(STAFDriver.java:117)
	at com.bn.automation.staf.core.STAFDriver.get(STAFDriver.java:117)
	at com.bn.automation.staf.core.STAFDriver.get(STAFDriver.java:117)
	at com.bn.automation.staf.core.STAFDriver.get(STAFDriver.java:117)
	at com.bn.automation.staf.core.STAFDriver.get(STAFDriver.java:117)
	at com.bn.automation.staf.core.STAFDriver.get(STAFDriver.java:117)
	at com.bn.automation.staf.core.STAFDriver.get(STAFDriver.java:117)
	at com.bn.automation.staf.core.STAFDriver.get(STAFDriver.java:117)
	at com.bn.automation.staf.core.STAFDriver.get(STAFDriver.java:117)
	at com.bn.automation.staf.core.STAFDriver.get(STAFDriver.java:117)
	at com.bn.automation.staf.core.STAFDriver.get(STAFDriver.java:117)
	at com.bn.automation.staf.core.STAFDriver.get(STAFDriver.java:117)
	at com.bn.automation.staf.core.STAFDriver.get(STAFDriver.java:117)
	at com.bn.automation.staf.core.STAFDriver.get(STAFDriver.java:117)
	at com.bn.automation.staf.core.STAFDriver.get(STAFDriver.java:117)
	at com.bn.automation.staf.core.STAFDriver.get(STAFDriver.java:117)
	at com.bn.automation.staf.core.STAFDriver.get(STAFDriver.java:117)
	at com.bn.automation.staf.core.STAFDriver.get(STAFDriver.java:117)
	at com.bn.automation.staf.core.STAFDriver.get(STAFDriver.java:117)
	at com.bn.automation.staf.core.STAFDriver.get(STAFDriver.java:117)
	at com.bn.automation.staf.core.STAFDriver.get(STAFDriver.java:117)
	at com.bn.automation.staf.core.STAFDriver.get(STAFDriver.java:117)
	at com.bn.automation.staf.core.STAFDriver.get(STAFDriver.java:117)
	at com.bn.automation.staf.core.STAFDriver.get(STAFDriver.java:117)
	at com.bn.automation.staf.core.STAFDriver.get(STAFDriver.java:117)
	at com.bn.automation.staf.core.STAFDriver.get(STAFDriver.java:117)
	at com.bn.automation.staf.core.STAFDriver.get(STAFDriver.java:117)
	at com.bn.automation.staf.core.STAFDriver.get(STAFDriver.java:117)
	at com.bn.automation.staf.core.STAFDriver.get(STAFDriver.java:117)
	at com.bn.automation.staf.core.STAFDriver.get(STAFDriver.java:117)
	at com.bn.automation.staf.core.STAFDriver.get(STAFDriver.java:117)
	at com.bn.automation.staf.core.STAFDriver.get(STAFDriver.java:117)
	at com.bn.automation.staf.core.STAFDriver.get(STAFDriver.java:117)
	at com.bn.automation.staf.core.STAFDriver.get(STAFDriver.java:117)
	at com.bn.automation.staf.core.STAFDriver.get(STAFDriver.java:117)
	at com.bn.automation.staf.core.STAFDriver.get(STAFDriver.java:117)
	at com.bn.automation.staf.core.STAFDriver.get(STAFDriver.java:117)
	at com.bn.automation.staf.core.STAFDriver.get(STAFDriver.java:117)
	at com.bn.automation.staf.core.STAFDriver.get(STAFDriver.java:117)
	at com.bn.automation.staf.core.STAFDriver.get(STAFDriver.java:117)
	at com.bn.automation.staf.core.STAFDriver.get(STAFDriver.java:117)
	at com.bn.automation.staf.core.STAFDriver.get(STAFDriver.java:117)
	at com.bn.automation.staf.core.STAFDriver.get(STAFDriver.java:117)
	at com.bn.automation.staf.core.STAFDriver.get(STAFDriver.java:117)
	at com.bn.automation.staf.core.STAFDriver.get(STAFDriver.java:117)
	at com.bn.automation.staf.core.STAFDriver.get(STAFDriver.java:117)
	at com.bn.automation.staf.core.STAFDriver.get(STAFDriver.java:117)
	at com.bn.automation.staf.core.STAFDriver.get(STAFDriver.java:117)
	at com.bn.automation.staf.core.STAFDriver.get(STAFDriver.java:117)
	at com.bn.automation.staf.core.STAFDriver.get(STAFDriver.java:117)
	at com.bn.automation.staf.core.STAFDriver.get(STAFDriver.java:117)
	at com.bn.automation.staf.core.STAFDriver.get(STAFDriver.java:117)
	at com.bn.automation.staf.core.STAFDriver.get(STAFDriver.java:117)
	at com.bn.automation.staf.core.STAFDriver.get(STAFDriver.java:117)
	at com.bn.automation.staf.core.STAFDriver.get(STAFDriver.java:117)
	at com.bn.automation.staf.core.STAFDriver.get(STAFDriver.java:117)
	at com.bn.automation.staf.core.STAFDriver.get(STAFDriver.java:117)
	at com.bn.automation.staf.core.STAFDriver.get(STAFDriver.java:117)
	at com.bn.automation.staf.core.STAFDriver.get(STAFDriver.java:117)
	at com.bn.automation.staf.core.STAFDriver.get(STAFDriver.java:117)
	at com.bn.automation.staf.core.STAFDriver.get(STAFDriver.java:117)
	at com.bn.automation.staf.core.STAFDriver.get(STAFDriver.java:117)
	at com.bn.automation.staf.core.STAFDriver.get(STAFDriver.java:117)
	at com.bn.automation.staf.core.STAFDriver.get(STAFDriver.java:117)
	at com.bn.automation.staf.core.STAFDriver.get(STAFDriver.java:117)
	at com.bn.automation.staf.core.STAFDriver.get(STAFDriver.java:117)
	at com.bn.automation.staf.core.STAFDriver.get(STAFDriver.java:117)
	at com.bn.automation.staf.core.STAFDriver.get(STAFDriver.java:117)
	at com.bn.automation.staf.core.STAFDriver.get(STAFDriver.java:117)
	at com.bn.automation.staf.core.STAFDriver.get(STAFDriver.java:117)
	at com.bn.automation.staf.core.STAFDriver.get(STAFDriver.java:117)
	at com.bn.automation.staf.core.STAFDriver.get(STAFDriver.java:117)
	at com.bn.automation.staf.core.STAFDriver.get(STAFDriver.java:117)
	at com.bn.automation.staf.core.STAFDriver.get(STAFDriver.java:117)
	at com.bn.automation.staf.core.STAFDriver.get(STAFDriver.java:117)
	at com.bn.automation.staf.core.STAFDriver.get(STAFDriver.java:117)
	at com.bn.automation.staf.core.STAFDriver.get(STAFDriver.java:117)
	at com.bn.automation.staf.core.STAFDriver.get(STAFDriver.java:117)
	at com.bn.automation.staf.core.STAFDriver.get(STAFDriver.java:117)
	at com.bn.automation.staf.core.STAFDriver.get(STAFDriver.java:117)
	at com.bn.automation.staf.core.STAFDriver.get(STAFDriver.java:117)
	at com.bn.automation.staf.core.STAFDriver.get(STAFDriver.java:117)
	at com.bn.automation.staf.core.STAFDriver.get(STAFDriver.java:117)
	at com.bn.automation.staf.core.STAFDriver.get(STAFDriver.java:117)
	at com.bn.automation.staf.core.STAFDriver.get(STAFDriver.java:117)
	at com.bn.automation.staf.core.STAFDriver.get(STAFDriver.java:117)
	at com.bn.automation.staf.core.STAFDriver.get(STAFDriver.java:117)
	at com.bn.automation.staf.core.STAFDriver.get(STAFDriver.java:117)
	at com.bn.automation.staf.core.STAFDriver.get(STAFDriver.java:117)
	at com.bn.automation.staf.core.STAFDriver.get(STAFDriver.java:117)
	at com.bn.automation.staf.core.STAFDriver.get(STAFDriver.java:117)
	at com.bn.automation.staf.core.STAFDriver.get(STAFDriver.java:117)
	at com.bn.automation.staf.core.STAFDriver.get(STAFDriver.java:117)
	at com.bn.automation.staf.core.STAFDriver.get(STAFDriver.java:117)
	at com.bn.automation.staf.core.STAFDriver.get(STAFDriver.java:117)
	at com.bn.automation.staf.core.STAFDriver.get(STAFDriver.java:117)
	at com.bn.automation.staf.core.STAFDriver.get(STAFDriver.java:117)
	at com.bn.automation.staf.core.STAFDriver.get(STAFDriver.java:117)
	at com.bn.automation.staf.core.STAFDriver.get(STAFDriver.java:117)
	at com.bn.automation.staf.core.STAFDriver.get(STAFDriver.java:117)
	at com.bn.automation.staf.core.STAFDriver.get(STAFDriver.java:117)
	at com.bn.automation.staf.core.STAFDriver.get(STAFDriver.java:117)
	at com.bn.automation.staf.core.STAFDriver.get(STAFDriver.java:117)
	at com.bn.automation.staf.core.STAFDriver.get(STAFDriver.java:117)
	at com.bn.automation.staf.core.STAFDriver.get(STAFDriver.java:117)
	at com.bn.automation.staf.core.STAFDriver.get(STAFDriver.java:117)
	at com.bn.automation.staf.core.STAFDriver.get(STAFDriver.java:117)
	at com.bn.automation.staf.core.STAFDriver.get(STAFDriver.java:117)
	at com.bn.automation.staf.core.STAFDriver.get(STAFDriver.java:117)
	at com.bn.automation.staf.core.STAFDriver.get(STAFDriver.java:117)
	at com.bn.automation.staf.core.STAFDriver.get(STAFDriver.java:117)
	at com.bn.automation.staf.core.STAFDriver.get(STAFDriver.java:117)
	at com.bn.automation.staf.core.STAFDriver.get(STAFDriver.java:117)
	at com.bn.automation.staf.core.STAFDriver.get(STAFDriver.java:117)
	at com.bn.automation.staf.core.STAFDriver.get(STAFDriver.java:117)
	at com.bn.automation.staf.core.STAFDriver.get(STAFDriver.java:117)
	at com.bn.automation.staf.core.STAFDriver.get(STAFDriver.java:117)
	at com.bn.automation.staf.core.STAFDriver.get(STAFDriver.java:117)
	at com.bn.automation.staf.core.STAFDriver.get(STAFDriver.java:117)
	at com.bn.automation.staf.core.STAFDriver.get(STAFDriver.java:117)
	at com.bn.automation.staf.core.STAFDriver.get(STAFDriver.java:117)
	at com.bn.automation.staf.core.STAFDriver.get(STAFDriver.java:117)
	at com.bn.automation.staf.core.STAFDriver.get(STAFDriver.java:117)
	at com.bn.automation.staf.core.STAFDriver.get(STAFDriver.java:117)
	at com.bn.automation.staf.core.STAFDriver.get(STAFDriver.java:117)
	at com.bn.automation.staf.core.STAFDriver.get(STAFDriver.java:117)
	at com.bn.automation.staf.core.STAFDriver.get(STAFDriver.java:117)
	at com.bn.automation.staf.core.STAFDriver.get(STAFDriver.java:117)
	at com.bn.automation.staf.core.STAFDriver.get(STAFDriver.java:117)
	at com.bn.automation.staf.core.STAFDriver.get(STAFDriver.java:117)
	at com.bn.automation.staf.core.STAFDriver.get(STAFDriver.java:117)
	at com.bn.automation.staf.core.STAFDriver.get(STAFDriver.java:117)
	at com.bn.automation.staf.core.STAFDriver.get(STAFDriver.java:117)
	at com.bn.automation.staf.core.STAFDriver.get(STAFDriver.java:117)
	at com.bn.automation.staf.core.STAFDriver.get(STAFDriver.java:117)
	at com.bn.automation.staf.core.STAFDriver.get(STAFDriver.java:117)
	at com.bn.automation.staf.core.STAFDriver.get(STAFDriver.java:117)
	at com.bn.automation.staf.core.STAFDriver.get(STAFDriver.java:117)
	at com.bn.automation.staf.core.STAFDriver.get(STAFDriver.java:117)
	at com.bn.automation.staf.core.STAFDriver.get(STAFDriver.java:117)
	at com.bn.automation.staf.core.STAFDriver.get(STAFDriver.java:117)
	at com.bn.automation.staf.core.STAFDriver.get(STAFDriver.java:117)
	at com.bn.automation.staf.core.STAFDriver.get(STAFDriver.java:117)
	at com.bn.automation.staf.core.STAFDriver.get(STAFDriver.java:117)
	at com.bn.automation.staf.core.STAFDriver.get(STAFDriver.java:117)
	at com.bn.automation.staf.core.STAFDriver.get(STAFDriver.java:117)
	at com.bn.automation.staf.core.STAFDriver.get(STAFDriver.java:117)
	at com.bn.automation.staf.core.STAFDriver.get(STAFDriver.java:117)
	at com.bn.automation.staf.core.STAFDriver.get(STAFDriver.java:117)
	at com.bn.automation.staf.core.STAFDriver.get(STAFDriver.java:117)
	at com.bn.automation.staf.core.STAFDriver.get(STAFDriver.java:117)
	at com.bn.automation.staf.core.STAFDriver.get(STAFDriver.java:117)
	at com.bn.automation.staf.core.STAFDriver.get(STAFDriver.java:117)
	at com.bn.automation.staf.core.STAFDriver.get(STAFDriver.java:117)
	at com.bn.automation.staf.core.STAFDriver.get(STAFDriver.java:117)
	at com.bn.automation.staf.core.STAFDriver.get(STAFDriver.java:117)
	at com.bn.automation.staf.core.STAFDriver.get(STAFDriver.java:117)
	at com.bn.automation.staf.core.STAFDriver.get(STAFDriver.java:117)
	at com.bn.automation.staf.core.STAFDriver.get(STAFDriver.java:117)
	at com.bn.automation.staf.core.STAFDriver.get(STAFDriver.java:117)
	at com.bn.automation.staf.core.STAFDriver.get(STAFDriver.java:117)
	at com.bn.automation.staf.core.STAFDriver.get(STAFDriver.java:117)
	at com.bn.automation.staf.core.STAFDriver.get(STAFDriver.java:117)
	at com.bn.automation.staf.core.STAFDriver.get(STAFDriver.java:117)
	at com.bn.automation.staf.core.STAFDriver.get(STAFDriver.java:117)
	at com.bn.automation.staf.core.STAFDriver.get(STAFDriver.java:117)
	at com.bn.automation.staf.core.STAFDriver.get(STAFDriver.java:117)
	at com.bn.automation.staf.core.STAFDriver.get(STAFDriver.java:117)
	at com.bn.automation.staf.core.STAFDriver.get(STAFDriver.java:117)
	at com.bn.automation.staf.core.STAFDriver.get(STAFDriver.java:117)
	at com.bn.automation.staf.core.STAFDriver.get(STAFDriver.java:117)
	at com.bn.automation.staf.core.STAFDriver.get(STAFDriver.java:117)
	at com.bn.automation.staf.core.STAFDriver.get(STAFDriver.java:117)
	at com.bn.automation.staf.core.STAFDriver.get(STAFDriver.java:117)
	at com.bn.automation.staf.core.STAFDriver.get(STAFDriver.java:117)
	at com.bn.automation.staf.core.STAFDriver.get(STAFDriver.java:117)
	at com.bn.automation.staf.core.STAFDriver.get(STAFDriver.java:117)
	at com.bn.automation.staf.core.STAFDriver.get(STAFDriver.java:117)
	at com.bn.automation.staf.core.STAFDriver.get(STAFDriver.java:117)
	at com.bn.automation.staf.core.STAFDriver.get(STAFDriver.java:117)
	at com.bn.automation.staf.core.STAFDriver.get(STAFDriver.java:117)
	at com.bn.automation.staf.core.STAFDriver.get(STAFDriver.java:117)
	at com.bn.automation.staf.core.STAFDriver.get(STAFDriver.java:117)
	at com.bn.automation.staf.core.STAFDriver.get(STAFDriver.java:117)
	at com.bn.automation.staf.core.STAFDriver.get(STAFDriver.java:117)
	at com.bn.automation.staf.core.STAFDriver.get(STAFDriver.java:117)
	at com.bn.automation.staf.core.STAFDriver.get(STAFDriver.java:117)
	at com.bn.automation.staf.core.STAFDriver.get(STAFDriver.java:117)
	at com.bn.automation.staf.core.STAFDriver.get(STAFDriver.java:117)
	at com.bn.automation.staf.core.STAFDriver.get(STAFDriver.java:117)
	at com.bn.automation.staf.core.STAFDriver.get(STAFDriver.java:117)
	at com.bn.automation.staf.core.STAFDriver.get(STAFDriver.java:117)
	at com.bn.automation.staf.core.STAFDriver.get(STAFDriver.java:117)
	at com.bn.automation.staf.core.STAFDriver.get(STAFDriver.java:117)
	at com.bn.automation.staf.core.STAFDriver.get(STAFDriver.java:117)
	at com.bn.automation.staf.core.STAFDriver.get(STAFDriver.java:117)
	at com.bn.automation.staf.core.STAFDriver.get(STAFDriver.java:117)
	at com.bn.automation.staf.core.STAFDriver.get(STAFDriver.java:117)
	at com.bn.automation.staf.core.STAFDriver.get(STAFDriver.java:117)
	at com.bn.automation.staf.core.STAFDriver.get(STAFDriver.java:117)
	at com.bn.automation.staf.core.STAFDriver.get(STAFDriver.java:117)
	at com.bn.automation.staf.core.STAFDriver.get(STAFDriver.java:117)
	at com.bn.automation.staf.core.STAFDriver.get(STAFDriver.java:117)
	at com.bn.automation.staf.core.STAFDriver.get(STAFDriver.java:117)
	at com.bn.automation.staf.core.STAFDriver.get(STAFDriver.java:117)
	at com.bn.automation.staf.core.STAFDriver.get(STAFDriver.java:117)
	at com.bn.automation.staf.core.STAFDriver.get(STAFDriver.java:117)
	at com.bn.automation.staf.core.STAFDriver.get(STAFDriver.java:117)
	at com.bn.automation.staf.core.STAFDriver.get(STAFDriver.java:117)
	at com.bn.automation.staf.core.STAFDriver.get(STAFDriver.java:117)
	at com.bn.automation.staf.core.STAFDriver.get(STAFDriver.java:117)
	at com.bn.automation.staf.core.STAFDriver.get(STAFDriver.java:117)
	at com.bn.automation.staf.core.STAFDriver.get(STAFDriver.java:117)
	at com.bn.automation.staf.core.STAFDriver.get(STAFDriver.java:117)
	at com.bn.automation.staf.core.STAFDriver.get(STAFDriver.java:117)
	at com.bn.automation.staf.core.STAFDriver.get(STAFDriver.java:117)
	at com.bn.automation.staf.core.STAFDriver.get(STAFDriver.java:117)
	at com.bn.automation.staf.core.STAFDriver.get(STAFDriver.java:117)
	at com.bn.automation.staf.core.STAFDriver.get(STAFDriver.java:117)
	at com.bn.automation.staf.core.STAFDriver.get(STAFDriver.java:117)
	at com.bn.automation.staf.core.STAFDriver.get(STAFDriver.java:117)
	at com.bn.automation.staf.core.STAFDriver.get(STAFDriver.java:117)
	at com.bn.automation.staf.core.STAFDriver.get(STAFDriver.java:117)
	at com.bn.automation.staf.core.STAFDriver.get(STAFDriver.java:117)
	at com.bn.automation.staf.core.STAFDriver.get(STAFDriver.java:117)
	at com.bn.automation.staf.core.STAFDriver.get(STAFDriver.java:117)
	at com.bn.automation.staf.core.STAFDriver.get(STAFDriver.java:117)
	at com.bn.automation.staf.core.STAFDriver.get(STAFDriver.java:117)
	at com.bn.automation.staf.core.STAFDriver.get(STAFDriver.java:117)
	at com.bn.automation.staf.core.STAFDriver.get(STAFDriver.java:117)
	at com.bn.automation.staf.core.STAFDriver.get(STAFDriver.java:117)
	at com.bn.automation.staf.core.STAFDriver.get(STAFDriver.java:117)
	at com.bn.automation.staf.core.STAFDriver.get(STAFDriver.java:117)
	at com.bn.automation.staf.core.STAFDriver.get(STAFDriver.java:117)
	at com.bn.automation.staf.core.STAFDriver.get(STAFDriver.java:117)
	at com.bn.automation.staf.core.STAFDriver.get(STAFDriver.java:117)
	at com.bn.automation.staf.core.STAFDriver.get(STAFDriver.java:117)
	at com.bn.automation.staf.core.STAFDriver.get(STAFDriver.java:117)
	at com.bn.automation.staf.core.STAFDriver.get(STAFDriver.java:117)
	at com.bn.automation.staf.core.STAFDriver.get(STAFDriver.java:117)
	at com.bn.automation.staf.core.STAFDriver.get(STAFDriver.java:117)
	at com.bn.automation.staf.core.STAFDriver.get(STAFDriver.java:117)
	at com.bn.automation.staf.core.STAFDriver.get(STAFDriver.java:117)
	at com.bn.automation.staf.core.STAFDriver.get(STAFDriver.java:117)
	at com.bn.automation.staf.core.STAFDriver.get(STAFDriver.java:117)
	at com.bn.automation.staf.core.STAFDriver.get(STAFDriver.java:117)
	at com.bn.automation.staf.core.STAFDriver.get(STAFDriver.java:117)
	at com.bn.automation.staf.core.STAFDriver.get(STAFDriver.java:117)
	at com.bn.automation.staf.core.STAFDriver.get(STAFDriver.java:117)
	at com.bn.automation.staf.core.STAFDriver.get(STAFDriver.java:117)
	at com.bn.automation.staf.core.STAFDriver.get(STAFDriver.java:117)
	at com.bn.automation.staf.core.STAFDriver.get(STAFDriver.java:117)
	at com.bn.automation.staf.core.STAFDriver.get(STAFDriver.java:117)
	at com.bn.automation.staf.core.STAFDriver.get(STAFDriver.java:117)
	at com.bn.automation.staf.core.STAFDriver.get(STAFDriver.java:117)
	at com.bn.automation.staf.core.STAFDriver.get(STAFDriver.java:117)
	at com.bn.automation.staf.core.STAFDriver.get(STAFDriver.java:117)
	at com.bn.automation.staf.core.STAFDriver.get(STAFDriver.java:117)
	at com.bn.automation.staf.core.STAFDriver.get(STAFDriver.java:117)
	at com.bn.automation.staf.core.STAFDriver.get(STAFDriver.java:117)
	at com.bn.automation.staf.core.STAFDriver.get(STAFDriver.java:117)
	at com.bn.automation.staf.core.STAFDriver.get(STAFDriver.java:117)
	at com.bn.automation.staf.core.STAFDriver.get(STAFDriver.java:117)
	at com.bn.automation.staf.core.STAFDriver.get(STAFDriver.java:117)
	at com.bn.automation.staf.core.STAFDriver.get(STAFDriver.java:117)
	at com.bn.automation.staf.core.STAFDriver.get(STAFDriver.java:117)
	at com.bn.automation.staf.core.STAFDriver.get(STAFDriver.java:117)
	at com.bn.automation.staf.core.STAFDriver.get(STAFDriver.java:117)
	at com.bn.automation.staf.core.STAFDriver.get(STAFDriver.java:117)
	at com.bn.automation.staf.core.STAFDriver.get(STAFDriver.java:117)
	at com.bn.automation.staf.core.STAFDriver.get(STAFDriver.java:117)
	at com.bn.automation.staf.core.STAFDriver.get(STAFDriver.java:117)
	at com.bn.automation.staf.core.STAFDriver.get(STAFDriver.java:117)
	at com.bn.automation.staf.core.STAFDriver.get(STAFDriver.java:117)
	at com.bn.automation.staf.core.STAFDriver.get(STAFDriver.java:117)
	at com.bn.automation.staf.core.STAFDriver.get(STAFDriver.java:117)
	at com.bn.automation.staf.core.STAFDriver.get(STAFDriver.java:117)
	at com.bn.automation.staf.core.STAFDriver.get(STAFDriver.java:117)
	at com.bn.automation.staf.core.STAFDriver.get(STAFDriver.java:117)
	at com.bn.automation.staf.core.STAFDriver.get(STAFDriver.java:117)
	at com.bn.automation.staf.core.STAFDriver.get(STAFDriver.java:117)
	at com.bn.automation.staf.core.STAFDriver.get(STAFDriver.java:117)
	at com.bn.automation.staf.core.STAFDriver.get(STAFDriver.java:117)
	at com.bn.automation.staf.core.STAFDriver.get(STAFDriver.java:117)
	at com.bn.automation.staf.core.STAFDriver.get(STAFDriver.java:117)
	at com.bn.automation.staf.core.STAFDriver.get(STAFDriver.java:117)
	at com.bn.automation.staf.core.STAFDriver.get(STAFDriver.java:117)
	at com.bn.automation.staf.core.STAFDriver.get(STAFDriver.java:117)
	at com.bn.automation.staf.core.STAFDriver.get(STAFDriver.java:117)
	at com.bn.automation.staf.core.STAFDriver.get(STAFDriver.java:117)
	at com.bn.automation.staf.core.STAFDriver.get(STAFDriver.java:117)
	at com.bn.automation.staf.core.STAFDriver.get(STAFDriver.java:117)
	at com.bn.automation.staf.core.STAFDriver.get(STAFDriver.java:117)
	at com.bn.automation.staf.core.STAFDriver.get(STAFDriver.java:117)
	at com.bn.automation.staf.core.STAFDriver.get(STAFDriver.java:117)
	at com.bn.automation.staf.core.STAFDriver.get(STAFDriver.java:117)
	at com.bn.automation.staf.core.STAFDriver.get(STAFDriver.java:117)
	at com.bn.automation.staf.core.STAFDriver.get(STAFDriver.java:117)
	at com.bn.automation.staf.core.STAFDriver.get(STAFDriver.java:117)
	at com.bn.automation.staf.core.STAFDriver.get(STAFDriver.java:117)
	at com.bn.automation.staf.core.STAFDriver.get(STAFDriver.java:117)
	at com.bn.automation.staf.core.STAFDriver.get(STAFDriver.java:117)
	at com.bn.automation.staf.core.STAFDriver.get(STAFDriver.java:117)
	at com.bn.automation.staf.core.STAFDriver.get(STAFDriver.java:117)
	at com.bn.automation.staf.core.STAFDriver.get(STAFDriver.java:117)
	at com.bn.automation.staf.core.STAFDriver.get(STAFDriver.java:117)
	at com.bn.automation.staf.core.STAFDriver.get(STAFDriver.java:117)
	at com.bn.automation.staf.core.STAFDriver.get(STAFDriver.java:117)
	at com.bn.automation.staf.core.STAFDriver.get(STAFDriver.java:117)
	at com.bn.automation.staf.core.STAFDriver.get(STAFDriver.java:117)
	at com.bn.automation.staf.core.STAFDriver.get(STAFDriver.java:117)
	at com.bn.automation.staf.core.STAFDriver.get(STAFDriver.java:117)
	at com.bn.automation.staf.core.STAFDriver.get(STAFDriver.java:117)
	at com.bn.automation.staf.core.STAFDriver.get(STAFDriver.java:117)
	at com.bn.automation.staf.core.STAFDriver.get(STAFDriver.java:117)
	at com.bn.automation.staf.core.STAFDriver.get(STAFDriver.java:117)
	at com.bn.automation.staf.core.STAFDriver.get(STAFDriver.java:117)
	at com.bn.automation.staf.core.STAFDriver.get(STAFDriver.java:117)
	at com.bn.automation.staf.core.STAFDriver.get(STAFDriver.java:117)
	at com.bn.automation.staf.core.STAFDriver.get(STAFDriver.java:117)
	at com.bn.automation.staf.core.STAFDriver.get(STAFDriver.java:117)
	at com.bn.automation.staf.core.STAFDriver.get(STAFDriver.java:117)
	at com.bn.automation.staf.core.STAFDriver.get(STAFDriver.java:117)
	at com.bn.automation.staf.core.STAFDriver.get(STAFDriver.java:117)
	at com.bn.automation.staf.core.STAFDriver.get(STAFDriver.java:117)
	at com.bn.automation.staf.core.STAFDriver.get(STAFDriver.java:117)
	at com.bn.automation.staf.core.STAFDriver.get(STAFDriver.java:117)
	at com.bn.automation.staf.core.STAFDriver.get(STAFDriver.java:117)
	at com.bn.automation.staf.core.STAFDriver.get(STAFDriver.java:117)
	at com.bn.automation.staf.core.STAFDriver.get(STAFDriver.java:117)
	at com.bn.automation.staf.core.STAFDriver.get(STAFDriver.java:117)
	at com.bn.automation.staf.core.STAFDriver.get(STAFDriver.java:117)
	at com.bn.automation.staf.core.STAFDriver.get(STAFDriver.java:117)
	at com.bn.automation.staf.core.STAFDriver.get(STAFDriver.java:117)
	at com.bn.automation.staf.core.STAFDriver.get(STAFDriver.java:117)
	at com.bn.automation.staf.core.STAFDriver.get(STAFDriver.java:117)
	at com.bn.automation.staf.core.STAFDriver.get(STAFDriver.java:117)
	at com.bn.automation.staf.core.STAFDriver.get(STAFDriver.java:117)
	at com.bn.automation.staf.core.STAFDriver.get(STAFDriver.java:117)
	at com.bn.automation.staf.core.STAFDriver.get(STAFDriver.java:117)
	at com.bn.automation.staf.core.STAFDriver.get(STAFDriver.java:117)
	at com.bn.automation.staf.core.STAFDriver.get(STAFDriver.java:117)
	at com.bn.automation.staf.core.STAFDriver.get(STAFDriver.java:117)
	at com.bn.automation.staf.core.STAFDriver.get(STAFDriver.java:117)
	at com.bn.automation.staf.core.STAFDriver.get(STAFDriver.java:117)
	at com.bn.automation.staf.core.STAFDriver.get(STAFDriver.java:117)
	at com.bn.automation.staf.core.STAFDriver.get(STAFDriver.java:117)
	at com.bn.automation.staf.core.STAFDriver.get(STAFDriver.java:117)
	at com.bn.automation.staf.core.STAFDriver.get(STAFDriver.java:117)
	at com.bn.automation.staf.core.STAFDriver.get(STAFDriver.java:117)
	at com.bn.automation.staf.core.STAFDriver.get(STAFDriver.java:117)
	at com.bn.automation.staf.core.STAFDriver.get(STAFDriver.java:117)
	at com.bn.automation.staf.core.STAFDriver.get(STAFDriver.java:117)
	at com.bn.automation.staf.core.STAFDriver.get(STAFDriver.java:117)
	at com.bn.automation.staf.core.STAFDriver.get(STAFDriver.java:117)
	at com.bn.automation.staf.core.STAFDriver.get(STAFDriver.java:117)
	at com.bn.automation.staf.core.STAFDriver.get(STAFDriver.java:117)
	at com.bn.automation.staf.core.STAFDriver.get(STAFDriver.java:117)
	at com.bn.automation.staf.core.STAFDriver.get(STAFDriver.java:117)
	at com.bn.automation.staf.core.STAFDriver.get(STAFDriver.java:117)
	at com.bn.automation.staf.core.STAFDriver.get(STAFDriver.java:117)
	at com.bn.automation.staf.core.STAFDriver.get(STAFDriver.java:117)
	at com.bn.automation.staf.core.STAFDriver.get(STAFDriver.java:117)
	at com.bn.automation.staf.core.STAFDriver.get(STAFDriver.java:117)
	at com.bn.automation.staf.core.STAFDriver.get(STAFDriver.java:117)
	at com.bn.automation.staf.core.STAFDriver.get(STAFDriver.java:117)
	at com.bn.automation.staf.core.STAFDriver.get(STAFDriver.java:117)
	at com.bn.automation.staf.core.STAFDriver.get(STAFDriver.java:117)
	at com.bn.automation.staf.core.STAFDriver.get(STAFDriver.java:117)
	at com.bn.automation.staf.core.STAFDriver.get(STAFDriver.java:117)
	at com.bn.automation.staf.core.STAFDriver.get(STAFDriver.java:117)
	at com.bn.automation.staf.core.STAFDriver.get(STAFDriver.java:117)
	at com.bn.automation.staf.core.STAFDriver.get(STAFDriver.java:117)
	at com.bn.automation.staf.core.STAFDriver.get(STAFDriver.java:117)
	at com.bn.automation.staf.core.STAFDriver.get(STAFDriver.java:117)
	at com.bn.automation.staf.core.STAFDriver.get(STAFDriver.java:117)
	at com.bn.automation.staf.core.STAFDriver.get(STAFDriver.java:117)
	at com.bn.automation.staf.core.STAFDriver.get(STAFDriver.java:117)
	at com.bn.automation.staf.core.STAFDriver.get(STAFDriver.java:117)
	at com.bn.automation.staf.core.STAFDriver.get(STAFDriver.java:117)
	at com.bn.automation.staf.core.STAFDriver.get(STAFDriver.java:117)
	at com.bn.automation.staf.core.STAFDriver.get(STAFDriver.java:117)
	at com.bn.automation.staf.core.STAFDriver.get(STAFDriver.java:117)
	at com.bn.automation.staf.core.STAFDriver.get(STAFDriver.java:117)
	at com.bn.automation.staf.core.STAFDriver.get(STAFDriver.java:117)
	at com.bn.automation.staf.core.STAFDriver.get(STAFDriver.java:117)
	at com.bn.automation.staf.core.STAFDriver.get(STAFDriver.java:117)
	at com.bn.automation.staf.core.STAFDriver.get(STAFDriver.java:117)
	at com.bn.automation.staf.core.STAFDriver.get(STAFDriver.java:117)
	at com.bn.automation.staf.core.STAFDriver.get(STAFDriver.java:117)
	at com.bn.automation.staf.core.STAFDriver.get(STAFDriver.java:117)
	at com.bn.automation.staf.core.STAFDriver.get(STAFDriver.java:117)
	at com.bn.automation.staf.core.STAFDriver.get(STAFDriver.java:117)
	at com.bn.automation.staf.core.STAFDriver.get(STAFDriver.java:117)
	at com.bn.automation.staf.core.STAFDriver.get(STAFDriver.java:117)
	at com.bn.automation.staf.core.STAFDriver.get(STAFDriver.java:117)
	at com.bn.automation.staf.core.STAFDriver.get(STAFDriver.java:117)
	at com.bn.automation.staf.core.STAFDriver.get(STAFDriver.java:117)
	at com.bn.automation.staf.core.STAFDriver.get(STAFDriver.java:117)
	at com.bn.automation.staf.core.STAFDriver.get(STAFDriver.java:117)
	at com.bn.automation.staf.core.STAFDriver.get(STAFDriver.java:117)
	at com.bn.automation.staf.core.STAFDriver.get(STAFDriver.java:117)
	at com.bn.automation.staf.core.STAFDriver.get(STAFDriver.java:117)
	at com.bn.automation.staf.core.STAFDriver.get(STAFDriver.java:117)
	at com.bn.automation.staf.core.STAFDriver.get(STAFDriver.java:117)
	at com.bn.automation.staf.core.STAFDriver.get(STAFDriver.java:117)
	at com.bn.automation.staf.core.STAFDriver.get(STAFDriver.java:117)
	at com.bn.automation.staf.core.STAFDriver.get(STAFDriver.java:117)
	at com.bn.automation.staf.core.STAFDriver.get(STAFDriver.java:117)
	at com.bn.automation.staf.core.STAFDriver.get(STAFDriver.java:117)
	at com.bn.automation.staf.core.STAFDriver.get(STAFDriver.java:117)
	at com.bn.automation.staf.core.STAFDriver.get(STAFDriver.java:117)
	at com.bn.automation.staf.core.STAFDriver.get(STAFDriver.java:117)
	at com.bn.automation.staf.core.STAFDriver.get(STAFDriver.java:117)
	at com.bn.automation.staf.core.STAFDriver.get(STAFDriver.java:117)
	at com.bn.automation.staf.core.STAFDriver.get(STAFDriver.java:117)
	at com.bn.automation.staf.core.STAFDriver.get(STAFDriver.java:117)
	at com.bn.automation.staf.core.STAFDriver.get(STAFDriver.java:117)
	at com.bn.automation.staf.core.STAFDriver.get(STAFDriver.java:117)
	at com.bn.automation.staf.core.STAFDriver.get(STAFDriver.java:117)
	at com.bn.automation.staf.core.STAFDriver.get(STAFDriver.java:117)
	at com.bn.automation.staf.core.STAFDriver.get(STAFDriver.java:117)
	at com.bn.automation.staf.core.STAFDriver.get(STAFDriver.java:117)
	at com.bn.automation.staf.core.STAFDriver.get(STAFDriver.java:117)
	at com.bn.automation.staf.core.STAFDriver.get(STAFDriver.java:117)
	at com.bn.automation.staf.core.STAFDriver.get(STAFDriver.java:117)
	at com.bn.automation.staf.core.STAFDriver.get(STAFDriver.java:117)
	at com.bn.automation.staf.core.STAFDriver.get(STAFDriver.java:117)
	at com.bn.automation.staf.core.STAFDriver.get(STAFDriver.java:117)
	at com.bn.automation.staf.core.STAFDriver.get(STAFDriver.java:117)
	at com.bn.automation.staf.core.STAFDriver.get(STAFDriver.java:117)
	at com.bn.automation.staf.core.STAFDriver.get(STAFDriver.java:117)
	at com.bn.automation.staf.core.STAFDriver.get(STAFDriver.java:117)
	at com.bn.automation.staf.core.STAFDriver.get(STAFDriver.java:117)
	at com.bn.automation.staf.core.STAFDriver.get(STAFDriver.java:117)
	at com.bn.automation.staf.core.STAFDriver.get(STAFDriver.java:117)
	at com.bn.automation.staf.core.STAFDriver.get(STAFDriver.java:117)
	at com.bn.automation.staf.core.STAFDriver.get(STAFDriver.java:117)
	at com.bn.automation.staf.core.STAFDriver.get(STAFDriver.java:117)
	at com.bn.automation.staf.core.STAFDriver.get(STAFDriver.java:117)
	at com.bn.automation.staf.core.STAFDriver.get(STAFDriver.java:117)
	at com.bn.automation.staf.core.STAFDriver.get(STAFDriver.java:117)
	at com.bn.automation.staf.core.STAFDriver.get(STAFDriver.java:117)
	at com.bn.automation.staf.core.STAFDriver.get(STAFDriver.java:117)
	at com.bn.automation.staf.core.STAFDriver.get(STAFDriver.java:117)
	at com.bn.automation.staf.core.STAFDriver.get(STAFDriver.java:117)
	at com.bn.automation.staf.core.STAFDriver.get(STAFDriver.java:117)
	at com.bn.automation.staf.core.STAFDriver.get(STAFDriver.java:117)
	at com.bn.automation.staf.core.STAFDriver.get(STAFDriver.java:117)
	at com.bn.automation.staf.core.STAFDriver.get(STAFDriver.java:117)
	at com.bn.automation.staf.core.STAFDriver.get(STAFDriver.java:117)
	at com.bn.automation.staf.core.STAFDriver.get(STAFDriver.java:117)
	at com.bn.automation.staf.core.STAFDriver.get(STAFDriver.java:117)
	at com.bn.automation.staf.core.STAFDriver.get(STAFDriver.java:117)
	at com.bn.automation.staf.core.STAFDriver.get(STAFDriver.java:117)
	at com.bn.automation.staf.core.STAFDriver.get(STAFDriver.java:117)
	at com.bn.automation.staf.core.STAFDriver.get(STAFDriver.java:117)
	at com.bn.automation.staf.core.STAFDriver.get(STAFDriver.java:117)
	at com.bn.automation.staf.core.STAFDriver.get(STAFDriver.java:117)
	at com.bn.automation.staf.core.STAFDriver.get(STAFDriver.java:117)
	at com.bn.automation.staf.core.STAFDriver.get(STAFDriver.java:117)
	at com.bn.automation.staf.core.STAFDriver.get(STAFDriver.java:117)
	at com.bn.automation.staf.core.STAFDriver.get(STAFDriver.java:117)
	at com.bn.automation.staf.core.STAFDriver.get(STAFDriver.java:117)
	at com.bn.automation.staf.core.STAFDriver.get(STAFDriver.java:117)
	at com.bn.automation.staf.core.STAFDriver.get(STAFDriver.java:117)
	at com.bn.automation.staf.core.STAFDriver.get(STAFDriver.java:117)
	at com.bn.automation.staf.core.STAFDriver.get(STAFDriver.java:117)
	at com.bn.automation.staf.core.STAFDriver.get(STAFDriver.java:117)
	at com.bn.automation.staf.core.STAFDriver.get(STAFDriver.java:117)
	at com.bn.automation.staf.core.STAFDriver.get(STAFDriver.java:117)
	at com.bn.automation.staf.core.STAFDriver.get(STAFDriver.java:117)
	at com.bn.automation.staf.core.STAFDriver.get(STAFDriver.java:117)
	at com.bn.automation.staf.core.STAFDriver.get(STAFDriver.java:117)
	at com.bn.automation.staf.core.STAFDriver.get(STAFDriver.java:117)
	at com.bn.automation.staf.core.STAFDriver.get(STAFDriver.java:117)
	at com.bn.automation.staf.core.STAFDriver.get(STAFDriver.java:117)
	at com.bn.automation.staf.core.STAFDriver.get(STAFDriver.java:117)
	at com.bn.automation.staf.core.STAFDriver.get(STAFDriver.java:117)
	at com.bn.automation.staf.core.STAFDriver.get(STAFDriver.java:117)
	at com.bn.automation.staf.core.STAFDriver.get(STAFDriver.java:117)
	at com.bn.automation.staf.core.STAFDriver.get(STAFDriver.java:117)
	at com.bn.automation.staf.core.STAFDriver.get(STAFDriver.java:117)
	at com.bn.automation.staf.core.STAFDriver.get(STAFDriver.java:117)
	at com.bn.automation.staf.core.STAFDriver.get(STAFDriver.java:117)
	at com.bn.automation.staf.core.STAFDriver.get(STAFDriver.java:117)
	at com.bn.automation.staf.core.STAFDriver.get(STAFDriver.java:117)
	at com.bn.automation.staf.core.STAFDriver.get(STAFDriver.java:117)
	at com.bn.automation.staf.core.STAFDriver.get(STAFDriver.java:117)
	at com.bn.automation.staf.core.STAFDriver.get(STAFDriver.java:117)
	at com.bn.automation.staf.core.STAFDriver.get(STAFDriver.java:117)
	at com.bn.automation.staf.core.STAFDriver.get(STAFDriver.java:117)
	at com.bn.automation.staf.core.STAFDriver.get(STAFDriver.java:117)
	at com.bn.automation.staf.core.STAFDriver.get(STAFDriver.java:117)
	at com.bn.automation.staf.core.STAFDriver.get(STAFDriver.java:117)
	at com.bn.automation.staf.core.STAFDriver.get(STAFDriver.java:117)
	at com.bn.automation.staf.core.STAFDriver.get(STAFDriver.java:117)
	at com.bn.automation.staf.core.STAFDriver.get(STAFDriver.java:117)
	at com.bn.automation.staf.core.STAFDriver.get(STAFDriver.java:117)
	at com.bn.automation.staf.core.STAFDriver.get(STAFDriver.java:117)
	at com.bn.automation.staf.core.STAFDriver.get(STAFDriver.java:117)
	at com.bn.automation.staf.core.STAFDriver.get(STAFDriver.java:117)
	at com.bn.automation.staf.core.STAFDriver.get(STAFDriver.java:117)
	at com.bn.automation.staf.core.STAFDriver.get(STAFDriver.java:117)
	at com.bn.automation.staf.core.STAFDriver.get(STAFDriver.java:117)
	at com.bn.automation.staf.core.STAFDriver.get(STAFDriver.java:117)
	at com.bn.automation.staf.core.STAFDriver.get(STAFDriver.java:117)
	at com.bn.automation.staf.core.STAFDriver.get(STAFDriver.java:117)
	at com.bn.automation.staf.core.STAFDriver.get(STAFDriver.java:117)
	at com.bn.automation.staf.core.STAFDriver.get(STAFDriver.java:117)
	at com.bn.automation.staf.core.STAFDriver.get(STAFDriver.java:117)
	at com.bn.automation.staf.core.STAFDriver.get(STAFDriver.java:117)
	at com.bn.automation.staf.core.STAFDriver.get(STAFDriver.java:117)
	at com.bn.automation.staf.core.STAFDriver.get(STAFDriver.java:117)
	at com.bn.automation.staf.core.STAFDriver.get(STAFDriver.java:117)
	at com.bn.automation.staf.core.STAFDriver.get(STAFDriver.java:117)
	at com.bn.automation.staf.core.STAFDriver.get(STAFDriver.java:117)
	at com.bn.automation.staf.core.STAFDriver.get(STAFDriver.java:117)
	at com.bn.automation.staf.core.STAFDriver.get(STAFDriver.java:117)
	at com.bn.automation.staf.core.STAFDriver.get(STAFDriver.java:117)
	at com.bn.automation.staf.core.STAFDriver.get(STAFDriver.java:117)
	at com.bn.automation.staf.core.STAFDriver.get(STAFDriver.java:117)
	at com.bn.automation.staf.core.STAFDriver.get(STAFDriver.java:117)
	at com.bn.automation.staf.core.STAFDriver.get(STAFDriver.java:117)
	at com.bn.automation.staf.core.STAFDriver.get(STAFDriver.java:117)
	at com.bn.automation.staf.core.STAFDriver.get(STAFDriver.java:117)
	at com.bn.automation.staf.core.STAFDriver.get(STAFDriver.java:117)
	at com.bn.automation.staf.core.STAFDriver.get(STAFDriver.java:117)
	at com.bn.automation.staf.core.STAFDriver.get(STAFDriver.java:117)
	at com.bn.automation.staf.core.STAFDriver.get(STAFDriver.java:117)
	at com.bn.automation.staf.core.STAFDriver.get(STAFDriver.java:117)
	at com.bn.automation.staf.core.STAFDriver.get(STAFDriver.java:117)
	at com.bn.automation.staf.core.STAFDriver.get(STAFDriver.java:117)
	at com.bn.automation.staf.core.STAFDriver.get(STAFDriver.java:117)
	at com.bn.automation.staf.core.STAFDriver.get(STAFDriver.java:117)
	at com.bn.automation.staf.core.STAFDriver.get(STAFDriver.java:117)
	at com.bn.automation.staf.core.STAFDriver.get(STAFDriver.java:117)
	at com.bn.automation.staf.core.STAFDriver.get(STAFDriver.java:117)
	at com.bn.automation.staf.core.STAFDriver.get(STAFDriver.java:117)
	at com.bn.automation.staf.core.STAFDriver.get(STAFDriver.java:117)
	at com.bn.automation.staf.core.STAFDriver.get(STAFDriver.java:117)
	at com.bn.automation.staf.core.STAFDriver.get(STAFDriver.java:117)
	at com.bn.automation.staf.core.STAFDriver.get(STAFDriver.java:117)
	at com.bn.automation.staf.core.STAFDriver.get(STAFDriver.java:117)
	at com.bn.automation.staf.core.STAFDriver.get(STAFDriver.java:117)
	at com.bn.automation.staf.core.STAFDriver.get(STAFDriver.java:117)
	at com.bn.automation.staf.core.STAFDriver.get(STAFDriver.java:117)
	at com.bn.automation.staf.core.STAFDriver.get(STAFDriver.java:117)
	at com.bn.automation.staf.core.STAFDriver.get(STAFDriver.java:117)
	at com.bn.automation.staf.core.STAFDriver.get(STAFDriver.java:117)
	at com.bn.automation.staf.core.STAFDriver.get(STAFDriver.java:117)
	at com.bn.automation.staf.core.STAFDriver.get(STAFDriver.java:117)
	at com.bn.automation.staf.core.STAFDriver.get(STAFDriver.java:117)
	at com.bn.automation.staf.core.STAFDriver.get(STAFDriver.java:117)
	at com.bn.automation.staf.core.STAFDriver.get(STAFDriver.java:117)
	at com.bn.automation.staf.core.STAFDriver.get(STAFDriver.java:117)
	at com.bn.automation.staf.core.STAFDriver.get(STAFDriver.java:117)
	at com.bn.automation.staf.core.STAFDriver.get(STAFDriver.java:117)
	at com.bn.automation.staf.core.STAFDriver.get(STAFDriver.java:117)
	at com.bn.automation.staf.core.STAFDriver.get(STAFDriver.java:117)
	at com.bn.automation.staf.core.STAFDriver.get(STAFDriver.java:117)
	at com.bn.automation.staf.core.STAFDriver.get(STAFDriver.java:117)
	at com.bn.automation.staf.core.STAFDriver.get(STAFDriver.java:117)
	at com.bn.automation.staf.core.STAFDriver.get(STAFDriver.java:117)
	at com.bn.automation.staf.core.STAFDriver.get(STAFDriver.java:117)
	at com.bn.automation.staf.core.STAFDriver.get(STAFDriver.java:117)
	at com.bn.automation.staf.core.STAFDriver.get(STAFDriver.java:117)
	at com.bn.automation.staf.core.STAFDriver.get(STAFDriver.java:117)
	at com.bn.automation.staf.core.STAFDriver.get(STAFDriver.java:117)
	at com.bn.automation.staf.core.STAFDriver.get(STAFDriver.java:117)
	at com.bn.automation.staf.core.STAFDriver.get(STAFDriver.java:117)
	at com.bn.automation.staf.core.STAFDriver.get(STAFDriver.java:117)
	at com.bn.automation.staf.core.STAFDriver.get(STAFDriver.java:117)
	at com.bn.automation.staf.core.STAFDriver.get(STAFDriver.java:117)
	at com.bn.automation.staf.core.STAFDriver.get(STAFDriver.java:117)
	at com.bn.automation.staf.core.STAFDriver.get(STAFDriver.java:117)
	at com.bn.automation.staf.core.STAFDriver.get(STAFDriver.java:117)
	at com.bn.automation.staf.core.STAFDriver.get(STAFDriver.java:117)
	at com.bn.automation.staf.core.STAFDriver.get(STAFDriver.java:117)
	at com.bn.automation.staf.core.STAFDriver.get(STAFDriver.java:117)
	at com.bn.automation.staf.core.STAFDriver.get(STAFDriver.java:117)
	at com.bn.automation.staf.core.STAFDriver.get(STAFDriver.java:117)
	at com.bn.automation.staf.core.STAFDriver.get(STAFDriver.java:117)
	at com.bn.automation.staf.core.STAFDriver.get(STAFDriver.java:117)
	at com.bn.automation.staf.core.STAFDriver.get(STAFDriver.java:117)
	at com.bn.automation.staf.core.STAFDriver.get(STAFDriver.java:117)
	at com.bn.automation.staf.core.STAFDriver.get(STAFDriver.java:117)
	at com.bn.automation.staf.core.STAFDriver.get(STAFDriver.java:117)
	at com.bn.automation.staf.core.STAFDriver.get(STAFDriver.java:117)
	at com.bn.automation.staf.core.STAFDriver.get(STAFDriver.java:117)
	at com.bn.automation.staf.core.STAFDriver.get(STAFDriver.java:117)
	at com.bn.automation.staf.core.STAFDriver.get(STAFDriver.java:117)
	at com.bn.automation.staf.core.STAFDriver.get(STAFDriver.java:117)
	at com.bn.automation.staf.core.STAFDriver.get(STAFDriver.java:117)
	at com.bn.automation.staf.core.STAFDriver.get(STAFDriver.java:117)
	at com.bn.automation.staf.core.STAFDriver.get(STAFDriver.java:117)
	at com.bn.automation.staf.core.STAFDriver.get(STAFDriver.java:117)
	at com.bn.automation.staf.core.STAFDriver.get(STAFDriver.java:117)
	at com.bn.automation.staf.core.STAFDriver.get(STAFDriver.java:117)
	at com.bn.automation.staf.core.STAFDriver.get(STAFDriver.java:117)
	at com.bn.automation.staf.core.STAFDriver.get(STAFDriver.java:117)
	at com.bn.automation.staf.core.STAFDriver.get(STAFDriver.java:117)
	at com.bn.automation.staf.core.STAFDriver.get(STAFDriver.java:117)
	at com.bn.automation.staf.core.STAFDriver.get(STAFDriver.java:117)
	at com.bn.automation.staf.core.STAFDriver.get(STAFDriver.java:117)
	at com.bn.automation.staf.core.STAFDriver.get(STAFDriver.java:117)
	at com.bn.automation.staf.core.STAFDriver.get(STAFDriver.java:117)
	at com.bn.automation.staf.core.STAFDriver.get(STAFDriver.java:117)
	at com.bn.automation.staf.core.STAFDriver.get(STAFDriver.java:117)
	at com.bn.automation.staf.core.STAFDriver.get(STAFDriver.java:117)
	at com.bn.automation.staf.core.STAFDriver.get(STAFDriver.java:117)
	at com.bn.automation.staf.core.STAFDriver.get(STAFDriver.java:117)
	at com.bn.automation.staf.core.STAFDriver.get(STAFDriver.java:117)
	at com.bn.automation.staf.core.STAFDriver.get(STAFDriver.java:117)
	at com.bn.automation.staf.core.STAFDriver.get(STAFDriver.java:117)
	at com.bn.automation.staf.core.STAFDriver.get(STAFDriver.java:117)
	at com.bn.automation.staf.core.STAFDriver.get(STAFDriver.java:117)
	at com.bn.automation.staf.core.STAFDriver.get(STAFDriver.java:117)
	at com.bn.automation.staf.core.STAFDriver.get(STAFDriver.java:117)
	at com.bn.automation.staf.core.STAFDriver.get(STAFDriver.java:117)
	at com.bn.automation.staf.core.STAFDriver.get(STAFDriver.java:117)
	at com.bn.automation.staf.core.STAFDriver.get(STAFDriver.java:117)
	at com.bn.automation.staf.core.STAFDriver.get(STAFDriver.java:117)
	at com.bn.automation.staf.core.STAFDriver.get(STAFDriver.java:117)
	at com.bn.automation.staf.core.STAFDriver.get(STAFDriver.java:117)
	at com.bn.automation.staf.core.STAFDriver.get(STAFDriver.java:117)
	at com.bn.automation.staf.core.STAFDriver.get(STAFDriver.java:117)
	at com.bn.automation.staf.core.STAFDriver.get(STAFDriver.java:117)
	at com.bn.automation.staf.core.STAFDriver.get(STAFDriver.java:117)
	at com.bn.automation.staf.core.STAFDriver.get(STAFDriver.java:117)
	at com.bn.automation.staf.core.STAFDriver.get(STAFDriver.java:117)
	at com.bn.automation.staf.core.STAFDriver.get(STAFDriver.java:117)
	at com.bn.automation.staf.core.STAFDriver.get(STAFDriver.java:117)
	at com.bn.automation.staf.core.STAFDriver.get(STAFDriver.java:117)
	at com.bn.automation.staf.core.STAFDriver.get(STAFDriver.java:117)
	at com.bn.automation.staf.core.STAFDriver.get(STAFDriver.java:117)
	at com.bn.automation.staf.core.STAFDriver.get(STAFDriver.java:117)
	at com.bn.automation.staf.core.STAFDriver.get(STAFDriver.java:117)
	at com.bn.automation.staf.core.STAFDriver.get(STAFDriver.java:117)
	at com.bn.automation.staf.core.STAFDriver.get(STAFDriver.java:117)
	at com.bn.automation.staf.core.STAFDriver.get(STAFDriver.java:117)
	at com.bn.automation.staf.core.STAFDriver.get(STAFDriver.java:117)
]]>
    </failure>
  </testcase> <!-- test -->
</testsuite> <!-- Default test -->
