<?xml version="1.0" encoding="UTF-8"?>
<testng-results skipped="0" failed="0" total="1" passed="1">
  <reporter-output>
  </reporter-output>
  <suite name="Default suite" duration-ms="10088" started-at="2014-02-11T21:50:49Z" finished-at="2014-02-11T21:50:59Z">
    <groups>
    </groups>
    <test name="Default test" duration-ms="10088" started-at="2014-02-11T21:50:49Z" finished-at="2014-02-11T21:50:59Z">
      <class name="com.bn.automation.scripts.Reflect">
        <test-method status="PASS" signature="test()[pri:0, instance:com.bn.automation.scripts.Reflect@4f8ef33e]" name="test" duration-ms="10078" started-at="2014-02-11T16:50:49Z" finished-at="2014-02-11T16:50:59Z">
          <reporter-output>
          </reporter-output>
        </test-method> <!-- test -->
      </class> <!-- com.bn.automation.scripts.Reflect -->
    </test> <!-- Default test -->
  </suite> <!-- Default suite -->
</testng-results>
